<?xml version='1.0' encoding='UTF-8' ?>
<testsuite name="com.example.lunchtray.OrderFunctionalityTests" tests="10" failures="0" errors="0" skipped="0" time="29.774" timestamp="2022-12-10T17:35:57" hostname="localhost">
  <properties>
    <property name="device" value="Pixel_2_API_30(AVD) - 11" />
    <property name="flavor" value="" />
    <property name="project" value=":app" />
  </properties>
  <testcase name="radio_buttons_update_side_menu_subtotal" classname="com.example.lunchtray.OrderFunctionalityTests" time="1.747" />
  <testcase name="order_reset_after_cancel_from_accompaniment_menu" classname="com.example.lunchtray.OrderFunctionalityTests" time="2.958" />
  <testcase name="subtotal_updates_in_full_order_flow" classname="com.example.lunchtray.OrderFunctionalityTests" time="2.454" />
  <testcase name="order_snackbar" classname="com.example.lunchtray.OrderFunctionalityTests" time="2.728" />
  <testcase name="order_reset_after_cancel_from_entree_menu" classname="com.example.lunchtray.OrderFunctionalityTests" time="1.482" />
  <testcase name="subtotal_tax_total_in_checkout" classname="com.example.lunchtray.OrderFunctionalityTests" time="2.297" />
  <testcase name="radio_buttons_update_accompaniment_menu_subtotal" classname="com.example.lunchtray.OrderFunctionalityTests" time="1.046" />
  <testcase name="order_reset_after_cancel_from_side_menu" classname="com.example.lunchtray.OrderFunctionalityTests" time="1.939" />
  <testcase name="radio_buttons_update_entree_menu_subtotal" classname="com.example.lunchtray.OrderFunctionalityTests" time="1.355" />
  <testcase name="order_reset_after_cancel_from_checkout" classname="com.example.lunchtray.OrderFunctionalityTests" time="2.831" />
</testsuite>